<?xml version="1.0" encoding="UTF-8"?>
<!-- Generated by org.testng.reporters.JUnitReportReporter -->
<testsuite hostname="DESKTOP-3TPGLCE" failures="0" tests="1" name="selenium_basic.CalendarTest" time="13.433" errors="0" timestamp="2022-03-29T14:43:41 EDT" skipped="0">
  <testcase classname="selenium_basic.CalendarTest" name="Redbusdetails" time="13.433"/>
  <system-out/>
</testsuite> <!-- selenium_basic.CalendarTest -->
