<?xml version="1.0" encoding="UTF-8"?>
<!-- Generated by org.testng.reporters.JUnitReportReporter -->
<testsuite hostname="DESKTOP-3TPGLCE" failures="0" tests="3" name="TestNG.Annotations" time="0.060" errors="0" timestamp="2022-03-24T02:43:40 EDT" skipped="0">
  <testcase classname="TestNG.Annotations" name="Testcase1" time="0.024"/>
  <system-out/>
  <testcase classname="TestNG.Annotations" name="Testcase3" time="0.020"/>
  <system-out/>
  <testcase classname="TestNG.Annotations" name="Testcase2" time="0.016"/>
  <system-out/>
</testsuite> <!-- TestNG.Annotations -->
