<?xml version="1.0" encoding="UTF-8"?>
<!-- Generated by org.testng.reporters.JUnitReportReporter -->
<testsuite hostname="DESKTOP-3TPGLCE" failures="0" tests="3" name="selenium_basic.TestNG1" time="0.018" errors="0" timestamp="2022-03-25T11:26:08 EDT" skipped="0">
  <testcase classname="selenium_basic.TestNG1" name="TestCase2" time="0.002"/>
  <system-out/>
  <testcase classname="selenium_basic.TestNG1" name="TestCase3" time="0.005"/>
  <system-out/>
  <testcase classname="selenium_basic.TestNG1" name="TestCase1" time="0.011"/>
  <system-out/>
</testsuite> <!-- selenium_basic.TestNG1 -->
