<?xml version="1.0" encoding="UTF-8"?>
<!-- Generated by org.testng.reporters.JUnitReportReporter -->
<testsuite hostname="DESKTOP-3TPGLCE" failures="0" tests="2" name="selenium_basic.Test1" time="12.242" errors="0" timestamp="2022-03-29T02:16:26 EDT" skipped="0">
  <testcase classname="selenium_basic.Test1" name="TestCase2" time="6.072"/>
  <system-out/>
  <testcase classname="selenium_basic.Test1" name="Login" time="6.170"/>
  <system-out/>
</testsuite> <!-- selenium_basic.Test1 -->
