<?xml version="1.0" encoding="UTF-8"?>
<!-- Generated by org.testng.reporters.JUnitReportReporter -->
<testsuite hostname="DESKTOP-3TPGLCE" failures="0" tests="2" name="selenium_basic.dataprovider" time="22.613" errors="0" timestamp="2022-03-29T15:01:31 EDT" skipped="0">
  <testcase classname="selenium_basic.dataprovider" name="Testcase1" time="10.046"/>
  <system-out/>
  <testcase classname="selenium_basic.dataprovider" name="Testcase1" time="12.567"/>
  <system-out/>
</testsuite> <!-- selenium_basic.dataprovider -->
