<?xml version="1.0" encoding="UTF-8"?>
<!-- Generated by org.testng.reporters.JUnitReportReporter -->
<testsuite hostname="DESKTOP-3TPGLCE" failures="0" tests="1" name="selenium_basic.dependsongroup" time="0.020" errors="0" timestamp="2022-03-28T06:06:39 EDT" skipped="0">
  <testcase classname="selenium_basic.dependsongroup" name="TestCase1" time="0.020"/>
  <system-out/>
</testsuite> <!-- selenium_basic.dependsongroup -->
